[debug] [2024-04-14T15:43:35.615Z] ----------------------------------------------------------------------
[debug] [2024-04-14T15:43:35.616Z] Command:       /usr/local/bin/node /usr/local/bin/firebase deploy
[debug] [2024-04-14T15:43:35.617Z] CLI Version:   12.4.0
[debug] [2024-04-14T15:43:35.617Z] Platform:      darwin
[debug] [2024-04-14T15:43:35.617Z] Node Version:  v18.10.0
[debug] [2024-04-14T15:43:35.618Z] Time:          Sun Apr 14 2024 21:13:35 GMT+0530 (India Standard Time)
[debug] [2024-04-14T15:43:35.618Z] ----------------------------------------------------------------------
[debug] 
[debug] [2024-04-14T15:43:35.651Z] > command requires scopes: ["email","openid","https://www.googleapis.com/auth/cloudplatformprojects.readonly","https://www.googleapis.com/auth/firebase","https://www.googleapis.com/auth/cloud-platform"]
[debug] [2024-04-14T15:43:35.651Z] > authorizing via signed-in user (garunk09@gmail.com)
[debug] [2024-04-14T15:43:35.651Z] [iam] checking project liv-homepage for permissions ["firebase.projects.get","firebasehosting.sites.update"]
[debug] [2024-04-14T15:43:35.652Z] >>> [apiv2][query] POST https://cloudresourcemanager.googleapis.com/v1/projects/liv-homepage:testIamPermissions [none]
[debug] [2024-04-14T15:43:35.652Z] >>> [apiv2][(partial)header] POST https://cloudresourcemanager.googleapis.com/v1/projects/liv-homepage:testIamPermissions x-goog-quota-user=projects/liv-homepage
[debug] [2024-04-14T15:43:35.652Z] >>> [apiv2][body] POST https://cloudresourcemanager.googleapis.com/v1/projects/liv-homepage:testIamPermissions {"permissions":["firebase.projects.get","firebasehosting.sites.update"]}
[debug] [2024-04-14T15:43:36.949Z] <<< [apiv2][status] POST https://cloudresourcemanager.googleapis.com/v1/projects/liv-homepage:testIamPermissions 200
[debug] [2024-04-14T15:43:36.949Z] <<< [apiv2][body] POST https://cloudresourcemanager.googleapis.com/v1/projects/liv-homepage:testIamPermissions {"permissions":["firebase.projects.get","firebasehosting.sites.update"]}
[debug] [2024-04-14T15:43:36.951Z] >>> [apiv2][query] GET https://firebase.googleapis.com/v1beta1/projects/liv-homepage [none]
[debug] [2024-04-14T15:43:37.303Z] <<< [apiv2][status] GET https://firebase.googleapis.com/v1beta1/projects/liv-homepage 200
[debug] [2024-04-14T15:43:37.303Z] <<< [apiv2][body] GET https://firebase.googleapis.com/v1beta1/projects/liv-homepage {"projectId":"liv-homepage","projectNumber":"148223649611","displayName":"liv-homepage","name":"projects/liv-homepage","resources":{"hostingSite":"liv-homepage"},"state":"ACTIVE","etag":"1_5350e49e-af43-4672-8443-6f125987d9d6"}
[info] 
[info] === Deploying to 'liv-homepage'...
[info] 
[info] i  deploying hosting 
[debug] [2024-04-14T15:43:37.309Z] >>> [apiv2][query] POST https://firebasehosting.googleapis.com/v1beta1/projects/-/sites/liv-homepage/versions [none]
[debug] [2024-04-14T15:43:37.310Z] >>> [apiv2][body] POST https://firebasehosting.googleapis.com/v1beta1/projects/-/sites/liv-homepage/versions {"status":"CREATED","labels":{"deployment-tool":"cli-firebase"}}
[debug] [2024-04-14T15:43:38.356Z] <<< [apiv2][status] POST https://firebasehosting.googleapis.com/v1beta1/projects/-/sites/liv-homepage/versions 200
[debug] [2024-04-14T15:43:38.357Z] <<< [apiv2][body] POST https://firebasehosting.googleapis.com/v1beta1/projects/-/sites/liv-homepage/versions {"name":"projects/148223649611/sites/liv-homepage/versions/9cdccc7e9c6de37a","status":"CREATED","config":{},"labels":{"deployment-tool":"cli-firebase"}}
[info] i  hosting[liv-homepage]: beginning deploy... 
[info] i  hosting[liv-homepage]: found 35 files in dist/test 
[debug] [2024-04-14T15:43:38.370Z] [hosting] uploading with 200 concurrency
[debug] [2024-04-14T15:43:38.429Z] [hosting] hash cache [ZGlzdC90ZXN0] stored for 35 files
[debug] [2024-04-14T15:43:38.429Z] [hosting][hash queue][FINAL] {"max":51,"min":11,"avg":15.4,"active":0,"complete":35,"success":35,"errored":0,"retried":0,"total":35,"elapsed":56}
[debug] [2024-04-14T15:43:38.429Z] >>> [apiv2][query] POST https://firebasehosting.googleapis.com/v1beta1/projects/148223649611/sites/liv-homepage/versions/9cdccc7e9c6de37a:populateFiles [none]
[debug] [2024-04-14T15:43:38.429Z] >>> [apiv2][body] POST https://firebasehosting.googleapis.com/v1beta1/projects/148223649611/sites/liv-homepage/versions/9cdccc7e9c6de37a:populateFiles {"files":{"/404.html":"05cbc6f94d7a69ce2e29646eab13be2c884e61ba93e3094df5028866876d18b3","/bg1.61d3cd5fffe61163.svg":"2a0776d6672a7891ead10e5bbefd7c0e8015181ef3441eaa044a70239fc92da4","/Mediamodifier-Design-2.4d5e14c7719ed24d.svg":"4958407e9e9c43f6a002f7befe3aa7c7bb13efb92614e0e305cda94863f95f21","/3rdpartylicenses.txt":"60765af16c10515aeb68e18694277f2a2613f76efcfb87335aaccbcd052312db","/index.html":"6dd90e15a4cde1ba66c08485a1ec141384067e3f952589b2255170e184e6104d","/mask1_mini.7bcb8b4ca4242c26.svg":"4b2c1f4f3e37f3f3d65a598aa19cc56a3358e0220906ab3bfc5e5e2982078937","/mask2_mini.51f54221960d993b.svg":"00e822a20f8b961365f8a72a787ad81bb8731f3e776f6a62fa9daee15bcf4786","/favicon.ico":"4bfb12d125dcabdf446b0d7142fe8a450652fcf53ebf7ef1e6822d10f773ebe2","/mask3_mini.4c2e2f1f34bc4752.svg":"b1512621e46a1934005378ef2e060c81cf55df91af2de439370c446a7a4e22a4","/runtime.ba33254e98283075.js":"f709269efc71dffe3e2bce49ea08ea68aff272194325305058f78a608770e3e9","/mask3.c629bfee229a944d.png":"114b69c98e0501430efc3e77bd010e74f27babe3acc9d9fb23b76153e9edf3e7","/mask2.111612f84cada42e.png":"e10dcccf7357125fd322ff5a3fd117a97f25aa8f8e4f831f14dcd4b018e66884","/mask1.a0cf23e8ef58efaf.png":"e8e260daad757729fb2f4519673fb65e73f50bade01553bab3dcf78ef97a5596","/polyfills.f66fd1c7f52b83bc.js":"60be2702b0a0960d64cc1ca642cfcfe7808837181dcedebcff1e27797e1d0724","/styles.a7f3427219fd1b20.css":"3bf96222202bee630c6732b7d954f8a18cfa156ac0409cdb4eac405ceaf1e873","/assets/Mediamodifier-Design.svg":"ebafa7fd3ee0f9174aff9ca6e74afc9a07df3beb7f6e3b302922fb0692031dcc","/assets/Mediamodifier-Design-2.svg":"4958407e9e9c43f6a002f7befe3aa7c7bb13efb92614e0e305cda94863f95f21","/assets/bg2.svg":"64f3d339601694eae73e084c5f4aedf033dbadd230ce4089aeec0b95bb4c76f0","/assets/bg1.svg":"2a0776d6672a7891ead10e5bbefd7c0e8015181ef3441eaa044a70239fc92da4","/assets/bg3.svg":"76123ded0e9c1cc7194b985e89fadaad1d02b82b4c856ad71a9f71f80744321e","/assets/bg4.svg":"09c29933215dc419e5679b64b94f195c7fcd67beccbb94e585108a637e9b8bc7","/assets/logo_mini.svg":"e72d6f3ab7e66e197fdcfc5662be58d3dd2d2cd40cd3a496b3a7d095435862e9","/assets/logo.png":"11f3be083259f137bcc1d92345df8d38cec7b4bbd71714b4e9416856c6628c0e","/assets/mask1_mini.svg":"4b2c1f4f3e37f3f3d65a598aa19cc56a3358e0220906ab3bfc5e5e2982078937","/assets/mask2_mini.svg":"00e822a20f8b961365f8a72a787ad81bb8731f3e776f6a62fa9daee15bcf4786","/assets/mask3_mini.svg":"b1512621e46a1934005378ef2e060c81cf55df91af2de439370c446a7a4e22a4","/assets/mask3.png":"114b69c98e0501430efc3e77bd010e74f27babe3acc9d9fb23b76153e9edf3e7","/assets/mask1.png":"e8e260daad757729fb2f4519673fb65e73f50bade01553bab3dcf78ef97a5596","/assets/mask2.png":"e10dcccf7357125fd322ff5a3fd117a97f25aa8f8e4f831f14dcd4b018e66884","/assets/e4a470734b8e30584813390811637127.jpeg":"79e72d557d8c5fdd941019c92c279ce1a2651286ba93345c680d42975adc154a","/main.f139a2ce23c71fd8.js":"36fc1719cdd095f5fd55348028eb3bbd98f0a985d8c71dba7c0e8842acc7bc65","/assets/8b534cf12c8a7b5f14d3340907a55879.jpeg":"a4d5ee80f310d238d75c964a3c1db3eadbd03bb0a5ad02bafaac39ae8f8476f9","/assets/b1128c019eac3ec0e602c73d6785a713.jpeg":"73fb241e276bf824c30fc3fe240b47331da21d19e43534aff3806a5aaad685a7","/assets/about.jpeg":"3ffd1c8d5eed47cca2171292e03a3724bf51a7fb33730b1563665c349ca41677","/assets/testimonial.png":"564d2205456f28f060f8ac0520d79a08523e98a2539165c6db6d9816bc392ea1"}}
